<?xml version="1.0" encoding="UTF-8"?>
<!-- Generated by org.testng.reporters.JUnitXMLReporter -->
<testsuite ignored="0" hostname="DESKTOP-4G8NF6E" failures="1" tests="1" name="ChromeTest" time="6.131" errors="0" timestamp="2024-12-01T19:09:10 GMT+06:00">
  <testcase classname="Testing.crossBrowserTest" name="signup" time="0.021">
    <failure type="java.lang.NullPointerException" message="Cannot invoke &amp;quot;org.openqa.selenium.WebDriver.get(String)&amp;quot; because &amp;quot;this.driver&amp;quot; is null">
      <![CDATA[java.lang.NullPointerException: Cannot invoke "org.openqa.selenium.WebDriver.get(String)" because "this.driver" is null
at Testing.crossBrowserTest.signup(crossBrowserTest.java:68)
at java.base/java.util.ArrayList.forEach(ArrayList.java:1597)
... Removed 25 stack frames]]>
    </failure>
  </testcase> <!-- signup -->
</testsuite> <!-- ChromeTest -->
